<?xml version="1.0" encoding="UTF-8"?>
<!-- Generated by org.testng.reporters.JUnitXMLReporter -->
<testsuite ignored="33" hostname="vaish" failures="0" tests="7" name="Surefire test" time="2.289" errors="0" timestamp="2023-11-19T15:15:18 EST">
  <testcase classname="com.naveenAutomationPageTest.AccountPageTest" name="@BeforeMethod launchBrowser" time="1.61">
    <failure type="org.openqa.selenium.SessionNotCreatedException" message="Could not start a new session. Response code 404. Message: Unable to find handler for (POST) /session 
Host info: host: &amp;apos;VAISH&amp;apos;, ip: &amp;apos;192.168.137.1&amp;apos;
Build info: version: &amp;apos;4.12.0&amp;apos;, revision: &amp;apos;249f2a7d1b*&amp;apos;
System info: os.name: &amp;apos;Windows 11&amp;apos;, os.arch: &amp;apos;amd64&amp;apos;, os.version: &amp;apos;10.0&amp;apos;, java.version: &amp;apos;11.0.16&amp;apos;
Driver info: org.openqa.selenium.remote.RemoteWebDriver
Command: [null, newSession {capabilities=[Capabilities {browserName: chrome, goog:chromeOptions: {args: [--remote-allow-origins=*, --incognito, --headless], extensions: []}}]}]
Capabilities {browserName: chrome, goog:chromeOptions: {args: [--remote-allow-origins=*, --incognito, --headless], extensions: []}}">
      <![CDATA[org.openqa.selenium.SessionNotCreatedException: Could not start a new session. Response code 404. Message: Unable to find handler for (POST) /session 
Host info: host: 'VAISH', ip: '192.168.137.1'
Build info: version: '4.12.0', revision: '249f2a7d1b*'
System info: os.name: 'Windows 11', os.arch: 'amd64', os.version: '10.0', java.version: '11.0.16'
Driver info: org.openqa.selenium.remote.RemoteWebDriver
Command: [null, newSession {capabilities=[Capabilities {browserName: chrome, goog:chromeOptions: {args: [--remote-allow-origins=*, --incognito, --headless], extensions: []}}]}]
Capabilities {browserName: chrome, goog:chromeOptions: {args: [--remote-allow-origins=*, --incognito, --headless], extensions: []}}
at org.openqa.selenium.remote.ProtocolHandshake.createSession(ProtocolHandshake.java:140)
at org.openqa.selenium.remote.ProtocolHandshake.createSession(ProtocolHandshake.java:96)
at org.openqa.selenium.remote.ProtocolHandshake.createSession(ProtocolHandshake.java:68)
at org.openqa.selenium.remote.HttpCommandExecutor.execute(HttpCommandExecutor.java:163)
at org.openqa.selenium.remote.TracedCommandExecutor.execute(TracedCommandExecutor.java:51)
at org.openqa.selenium.remote.RemoteWebDriver.execute(RemoteWebDriver.java:602)
at org.openqa.selenium.remote.RemoteWebDriver.startSession(RemoteWebDriver.java:236)
at org.openqa.selenium.remote.RemoteWebDriver.<init>(RemoteWebDriver.java:163)
at org.openqa.selenium.remote.RemoteWebDriver.<init>(RemoteWebDriver.java:143)
at com.naveenautomation.base.TestBase.initialise(TestBase.java:54)
at com.naveenAutomationPageTest.AccountPageTest.launchBrowser(AccountPageTest.java:40)
at java.base/java.util.ArrayList.forEach(ArrayList.java:1541)
... Removed 36 stack frames]]>
    </failure>
  </testcase> <!-- @BeforeMethod launchBrowser -->
  <testcase classname="com.naveenAutomationPageTest.AccountPageTest" name="@AfterMethod quitBrowser" time="-1.7004249184E9">
    <skipped/>
  </testcase> <!-- @AfterMethod quitBrowser -->
  <testcase classname="com.naveenautomation.base.TestBase" name="@AfterMethod tearDown" time="-1.700424918404E9">
    <skipped/>
  </testcase> <!-- @AfterMethod tearDown -->
  <testcase classname="com.naveenAutomationPageTest.RegisterAccountPageTest" name="@BeforeMethod launchBrowser" time="0.021">
    <failure type="org.openqa.selenium.SessionNotCreatedException" message="Could not start a new session. Response code 404. Message: Unable to find handler for (POST) /session 
Host info: host: &amp;apos;VAISH&amp;apos;, ip: &amp;apos;192.168.137.1&amp;apos;
Build info: version: &amp;apos;4.12.0&amp;apos;, revision: &amp;apos;249f2a7d1b*&amp;apos;
System info: os.name: &amp;apos;Windows 11&amp;apos;, os.arch: &amp;apos;amd64&amp;apos;, os.version: &amp;apos;10.0&amp;apos;, java.version: &amp;apos;11.0.16&amp;apos;
Driver info: org.openqa.selenium.remote.RemoteWebDriver
Command: [null, newSession {capabilities=[Capabilities {browserName: chrome, goog:chromeOptions: {args: [--remote-allow-origins=*, --incognito, --headless], extensions: []}}]}]
Capabilities {browserName: chrome, goog:chromeOptions: {args: [--remote-allow-origins=*, --incognito, --headless], extensions: []}}">
      <![CDATA[org.openqa.selenium.SessionNotCreatedException: Could not start a new session. Response code 404. Message: Unable to find handler for (POST) /session 
Host info: host: 'VAISH', ip: '192.168.137.1'
Build info: version: '4.12.0', revision: '249f2a7d1b*'
System info: os.name: 'Windows 11', os.arch: 'amd64', os.version: '10.0', java.version: '11.0.16'
Driver info: org.openqa.selenium.remote.RemoteWebDriver
Command: [null, newSession {capabilities=[Capabilities {browserName: chrome, goog:chromeOptions: {args: [--remote-allow-origins=*, --incognito, --headless], extensions: []}}]}]
Capabilities {browserName: chrome, goog:chromeOptions: {args: [--remote-allow-origins=*, --incognito, --headless], extensions: []}}
at org.openqa.selenium.remote.ProtocolHandshake.createSession(ProtocolHandshake.java:140)
at org.openqa.selenium.remote.ProtocolHandshake.createSession(ProtocolHandshake.java:96)
at org.openqa.selenium.remote.ProtocolHandshake.createSession(ProtocolHandshake.java:68)
at org.openqa.selenium.remote.HttpCommandExecutor.execute(HttpCommandExecutor.java:163)
at org.openqa.selenium.remote.TracedCommandExecutor.execute(TracedCommandExecutor.java:51)
at org.openqa.selenium.remote.RemoteWebDriver.execute(RemoteWebDriver.java:602)
at org.openqa.selenium.remote.RemoteWebDriver.startSession(RemoteWebDriver.java:236)
at org.openqa.selenium.remote.RemoteWebDriver.<init>(RemoteWebDriver.java:163)
at org.openqa.selenium.remote.RemoteWebDriver.<init>(RemoteWebDriver.java:143)
at com.naveenautomation.base.TestBase.initialise(TestBase.java:54)
at com.naveenAutomationPageTest.RegisterAccountPageTest.launchBrowser(RegisterAccountPageTest.java:23)
at java.base/java.util.ArrayList.forEach(ArrayList.java:1541)
... Removed 36 stack frames]]>
    </failure>
  </testcase> <!-- @BeforeMethod launchBrowser -->
  <testcase classname="com.naveenautomation.base.TestBase" name="@AfterMethod tearDown" time="-1.700424918451E9">
    <skipped/>
  </testcase> <!-- @AfterMethod tearDown -->
  <testcase classname="com.naveenAutomationPageTest.RegisterAccountPageTest" name="@BeforeMethod launchBrowser" time="-1.700424918456E9">
    <skipped/>
  </testcase> <!-- @BeforeMethod launchBrowser -->
  <testcase classname="com.naveenautomation.base.TestBase" name="@AfterMethod tearDown" time="-1.700424918466E9">
    <skipped/>
  </testcase> <!-- @AfterMethod tearDown -->
  <testcase classname="com.naveenAutomationPageTest.RegisterAccountPageTest" name="@BeforeMethod launchBrowser" time="-1.700424918469E9">
    <skipped/>
  </testcase> <!-- @BeforeMethod launchBrowser -->
  <testcase classname="com.naveenautomation.base.TestBase" name="@AfterMethod tearDown" time="-1.700424918477E9">
    <skipped/>
  </testcase> <!-- @AfterMethod tearDown -->
  <testcase classname="com.naveenAutomationPageTest.RegisterAccountPageTest" name="@BeforeMethod launchBrowser" time="-1.70042491848E9">
    <skipped/>
  </testcase> <!-- @BeforeMethod launchBrowser -->
  <testcase classname="com.naveenautomation.base.TestBase" name="@AfterMethod tearDown" time="-1.700424918489E9">
    <skipped/>
  </testcase> <!-- @AfterMethod tearDown -->
  <testcase classname="com.naveenAutomationPageTest.RegisterAccountPageTest" name="@BeforeMethod launchBrowser" time="-1.700424918492E9">
    <skipped/>
  </testcase> <!-- @BeforeMethod launchBrowser -->
  <testcase classname="com.naveenautomation.base.TestBase" name="@AfterMethod tearDown" time="-1.700424918498E9">
    <skipped/>
  </testcase> <!-- @AfterMethod tearDown -->
  <testcase classname="com.naveenAutomationPageTest.RegisterAccountPageTest" name="@BeforeMethod launchBrowser" time="-1.7004249185E9">
    <skipped/>
  </testcase> <!-- @BeforeMethod launchBrowser -->
  <testcase classname="com.naveenautomation.base.TestBase" name="@AfterMethod tearDown" time="-1.700424918508E9">
    <skipped/>
  </testcase> <!-- @AfterMethod tearDown -->
  <testcase classname="com.naveenAutomationPageTest.AccountPageTest" name="validateUserCanEditPersonalInfo" time="0.0">
    <skipped/>
  </testcase> <!-- validateUserCanEditPersonalInfo -->
  <testcase classname="com.naveenAutomationPageTest.RegisterAccountPageTest" name="validateUserCanNavigateToRegisterAccount" time="0.0">
    <skipped/>
  </testcase> <!-- validateUserCanNavigateToRegisterAccount -->
  <testcase classname="com.naveenAutomationPageTest.RegisterAccountPageTest" name="validateUserCanNotEnterInvalidTelephone" time="0.0">
    <skipped/>
  </testcase> <!-- validateUserCanNotEnterInvalidTelephone -->
  <testcase classname="com.naveenAutomationPageTest.RegisterAccountPageTest" name="validateUserCanNotSkipConfirmPassword" time="0.0">
    <skipped/>
  </testcase> <!-- validateUserCanNotSkipConfirmPassword -->
  <testcase classname="com.naveenAutomationPageTest.RegisterAccountPageTest" name="validateUserCanNotSkipEmail" time="0.0">
    <skipped/>
  </testcase> <!-- validateUserCanNotSkipEmail -->
  <testcase classname="com.naveenAutomationPageTest.RegisterAccountPageTest" name="validateUserCanNotSkipLastName" time="0.0">
    <skipped/>
  </testcase> <!-- validateUserCanNotSkipLastName -->
  <testcase classname="com.naveenAutomationPageTest.RegisterAccountPageTest" name="validateUserCanNotSkipPassword" time="0.0">
    <skipped/>
  </testcase> <!-- validateUserCanNotSkipPassword -->
  <testcase classname="com.naveenAutomationPageTest.AccountPageTest" name="validateUserCanAccessAddressBook" time="0.0">
    <ignored/>
  </testcase> <!-- validateUserCanAccessAddressBook -->
  <testcase classname="com.naveenAutomationPageTest.EditAccountPageTest" name="validateUserCanNavigateToEditPersonalInfo" time="0.0">
    <ignored/>
  </testcase> <!-- validateUserCanNavigateToEditPersonalInfo -->
  <testcase classname="com.naveenAutomationPageTest.ViewProductReturnsPageTest" name="validateNavigationBackToAccountPage" time="0.0">
    <ignored/>
  </testcase> <!-- validateNavigationBackToAccountPage -->
  <testcase classname="com.naveenAutomationPageTest.AccountPageTest" name="validateUserCanUpdateNewsLetterSubscription" time="0.0">
    <ignored/>
  </testcase> <!-- validateUserCanUpdateNewsLetterSubscription -->
  <testcase classname="com.naveenAutomationPageTest.RegisterAccountPageTest" name="validateUserCanNotSkipFirstName" time="0.0">
    <ignored/>
  </testcase> <!-- validateUserCanNotSkipFirstName -->
  <testcase classname="com.naveenAutomationPageTest.RegisterAccountSuccessPageTest" name="validateUserCanNavigateBackToToLoginPage" time="0.0">
    <ignored/>
  </testcase> <!-- validateUserCanNavigateBackToToLoginPage -->
  <testcase classname="com.naveenAutomationPageTest.ForgottenPasswordPageTest" name="validateUserCanNavigateToForgottenPasswordPage" time="0.0">
    <ignored/>
  </testcase> <!-- validateUserCanNavigateToForgottenPasswordPage -->
  <testcase classname="com.naveenAutomationPageTest.AccountPageTest" name="validateUserCanAccessTransactionsPage" time="0.0">
    <ignored/>
  </testcase> <!-- validateUserCanAccessTransactionsPage -->
  <testcase classname="com.naveenAutomationPageTest.AccountPageTest" name="validateUserCanUpdateWishList" time="0.0">
    <ignored/>
  </testcase> <!-- validateUserCanUpdateWishList -->
  <testcase classname="com.naveenAutomationPageTest.AccountPageTest" name="validateUserCanAccessRewardPointsPage" time="0.0">
    <ignored/>
  </testcase> <!-- validateUserCanAccessRewardPointsPage -->
  <testcase classname="com.naveenAutomationPageTest.EditAccountPageTest" name="validateUserCanNotSkipLastName" time="0.0">
    <ignored/>
  </testcase> <!-- validateUserCanNotSkipLastName -->
  <testcase classname="com.naveenAutomationPageTest.ForgottenPasswordPageTest" name="validateUserWillGetConfirmationLinkUsingValidEmail" time="0.0">
    <ignored/>
  </testcase> <!-- validateUserWillGetConfirmationLinkUsingValidEmail -->
  <testcase classname="com.naveenAutomationPageTest.LoginPageTest" name="validateUserCanNotLoginWithInValidPassword" time="0.0">
    <ignored/>
  </testcase> <!-- validateUserCanNotLoginWithInValidPassword -->
  <testcase classname="com.naveenAutomationPageTest.RegisterAccountPageTest" name="validateUserCanNotEnterInvalidFirstName" time="0.0">
    <ignored/>
  </testcase> <!-- validateUserCanNotEnterInvalidFirstName -->
  <testcase classname="com.naveenAutomationPageTest.ViewProductReturnsPageTest" name="validateNavigationToViewProductReturnsPage" time="0.0">
    <ignored/>
  </testcase> <!-- validateNavigationToViewProductReturnsPage -->
  <testcase classname="com.naveenAutomationPageTest.RegisterAccountPageTest" name="validateUserIsAbleToRegisterWithValidInfo" time="0.0">
    <ignored/>
  </testcase> <!-- validateUserIsAbleToRegisterWithValidInfo -->
  <testcase classname="com.naveenAutomationPageTest.LogoutPageTest" name="validateUserCanLogoutsafely" time="0.0">
    <ignored/>
  </testcase> <!-- validateUserCanLogoutsafely -->
  <testcase classname="com.naveenAutomationPageTest.EditAccountPageTest" name="validateUserCanNotSkipFirstName" time="0.0">
    <ignored/>
  </testcase> <!-- validateUserCanNotSkipFirstName -->
  <testcase classname="com.naveenAutomationPageTest.RegisterAccountPageTest" name="validateUserCheckEDPrivacyPolicyCheckBox" time="0.0">
    <ignored/>
  </testcase> <!-- validateUserCheckEDPrivacyPolicyCheckBox -->
  <testcase classname="com.naveenAutomationPageTest.AddressBookEntriesPageTest" name="validateUserCanAddNewAddressToAddressBook" time="0.0">
    <ignored/>
  </testcase> <!-- validateUserCanAddNewAddressToAddressBook -->
  <testcase classname="com.naveenAutomationPageTest.AddressBookEntriesPageTest" name="validateUserCanNavigateToAddressBook" time="0.0">
    <ignored/>
  </testcase> <!-- validateUserCanNavigateToAddressBook -->
  <testcase classname="com.naveenAutomationPageTest.RegisterAccountPageTest" name="validateUserCanNotEnterInvalidLastName" time="0.0">
    <ignored/>
  </testcase> <!-- validateUserCanNotEnterInvalidLastName -->
  <testcase classname="com.naveenAutomationPageTest.AccountPageTest" name="validateUserCanChangePassword" time="0.0">
    <ignored/>
  </testcase> <!-- validateUserCanChangePassword -->
  <testcase classname="com.naveenAutomationPageTest.LoginPageTest" name="validateUserCanLoginWithValidCredentials" time="0.0">
    <ignored/>
  </testcase> <!-- validateUserCanLoginWithValidCredentials -->
  <testcase classname="com.naveenAutomationPageTest.EditAccountPageTest" name="validateLastNameCharactersAreWithinRange" time="0.0">
    <ignored/>
  </testcase> <!-- validateLastNameCharactersAreWithinRange -->
  <testcase classname="com.naveenAutomationPageTest.AccountPageTest" name="validateUserCanAccessRecurringPaymentsPage" time="0.0">
    <ignored/>
  </testcase> <!-- validateUserCanAccessRecurringPaymentsPage -->
  <testcase classname="com.naveenAutomationPageTest.AccountPageTest" name="validateUserCanAccessDownloadsPage" time="0.0">
    <ignored/>
  </testcase> <!-- validateUserCanAccessDownloadsPage -->
  <testcase classname="com.naveenAutomationPageTest.EditAccountPageTest" name="validateFirstNameCharactersAreWithinRange" time="0.0">
    <ignored/>
  </testcase> <!-- validateFirstNameCharactersAreWithinRange -->
  <testcase classname="com.naveenAutomationPageTest.EditAccountPageTest" name="validateUserCanNotSkipEmail" time="0.0">
    <ignored/>
  </testcase> <!-- validateUserCanNotSkipEmail -->
  <testcase classname="com.naveenAutomationPageTest.LoginPageTest" name="validateUserCanNotLoginWithInValidUsername" time="0.0">
    <ignored/>
  </testcase> <!-- validateUserCanNotLoginWithInValidUsername -->
  <testcase classname="com.naveenAutomationPageTest.ForgottenPasswordPageTest" name="validateUserWillNotGetConfirmationLinkUsingInvalidEmail" time="0.0">
    <ignored/>
  </testcase> <!-- validateUserWillNotGetConfirmationLinkUsingInvalidEmail -->
  <testcase classname="com.naveenAutomationPageTest.LoginPageTest" name="validateUserIsAbleToNavigateToForgottenPasswordPage" time="0.0">
    <ignored/>
  </testcase> <!-- validateUserIsAbleToNavigateToForgottenPasswordPage -->
  <testcase classname="com.naveenAutomationPageTest.AccountPageTest" name="validateUserCanAccessOrderHistory" time="0.0">
    <ignored/>
  </testcase> <!-- validateUserCanAccessOrderHistory -->
</testsuite> <!-- Surefire test -->
