<?xml version="1.0" encoding="UTF-8"?>
<testsuite xmlns:xsi="http://www.w3.org/2001/XMLSchema-instance" xsi:noNamespaceSchemaLocation="https://maven.apache.org/surefire/maven-surefire-plugin/xsd/surefire-test-report.xsd" name="TestSuite" time="342.986" tests="37" errors="0" skipped="0" failures="1">
  <properties>
    <property name="sun.desktop" value="windows"/>
    <property name="awt.toolkit" value="sun.awt.windows.WToolkit"/>
    <property name="java.specification.version" value="11"/>
    <property name="sun.cpu.isalist" value="amd64"/>
    <property name="sun.jnu.encoding" value="Cp1252"/>
    <property name="java.class.path" value="C:\Users\Vishnu\eclipse-workspace\NaveenAutomationLab\target\test-classes;C:\Users\Vishnu\eclipse-workspace\NaveenAutomationLab\target\classes;C:\WINDOWS\system32\config\systemprofile\.m2\repository\org\seleniumhq\selenium\selenium-java\3.141.59\selenium-java-3.141.59.jar;C:\WINDOWS\system32\config\systemprofile\.m2\repository\org\seleniumhq\selenium\selenium-api\3.141.59\selenium-api-3.141.59.jar;C:\WINDOWS\system32\config\systemprofile\.m2\repository\org\seleniumhq\selenium\selenium-chrome-driver\3.141.59\selenium-chrome-driver-3.141.59.jar;C:\WINDOWS\system32\config\systemprofile\.m2\repository\org\seleniumhq\selenium\selenium-edge-driver\3.141.59\selenium-edge-driver-3.141.59.jar;C:\WINDOWS\system32\config\systemprofile\.m2\repository\org\seleniumhq\selenium\selenium-firefox-driver\3.141.59\selenium-firefox-driver-3.141.59.jar;C:\WINDOWS\system32\config\systemprofile\.m2\repository\org\seleniumhq\selenium\selenium-ie-driver\3.141.59\selenium-ie-driver-3.141.59.jar;C:\WINDOWS\system32\config\systemprofile\.m2\repository\org\seleniumhq\selenium\selenium-opera-driver\3.141.59\selenium-opera-driver-3.141.59.jar;C:\WINDOWS\system32\config\systemprofile\.m2\repository\org\seleniumhq\selenium\selenium-remote-driver\3.141.59\selenium-remote-driver-3.141.59.jar;C:\WINDOWS\system32\config\systemprofile\.m2\repository\org\seleniumhq\selenium\selenium-safari-driver\3.141.59\selenium-safari-driver-3.141.59.jar;C:\WINDOWS\system32\config\systemprofile\.m2\repository\org\seleniumhq\selenium\selenium-support\3.141.59\selenium-support-3.141.59.jar;C:\WINDOWS\system32\config\systemprofile\.m2\repository\net\bytebuddy\byte-buddy\1.8.15\byte-buddy-1.8.15.jar;C:\WINDOWS\system32\config\systemprofile\.m2\repository\org\apache\commons\commons-exec\1.3\commons-exec-1.3.jar;C:\WINDOWS\system32\config\systemprofile\.m2\repository\com\google\guava\guava\25.0-jre\guava-25.0-jre.jar;C:\WINDOWS\system32\config\systemprofile\.m2\repository\com\google\code\findbugs\jsr305\1.3.9\jsr305-1.3.9.jar;C:\WINDOWS\system32\config\systemprofile\.m2\repository\org\checkerframework\checker-compat-qual\2.0.0\checker-compat-qual-2.0.0.jar;C:\WINDOWS\system32\config\systemprofile\.m2\repository\com\google\errorprone\error_prone_annotations\2.1.3\error_prone_annotations-2.1.3.jar;C:\WINDOWS\system32\config\systemprofile\.m2\repository\com\google\j2objc\j2objc-annotations\1.1\j2objc-annotations-1.1.jar;C:\WINDOWS\system32\config\systemprofile\.m2\repository\org\codehaus\mojo\animal-sniffer-annotations\1.14\animal-sniffer-annotations-1.14.jar;C:\WINDOWS\system32\config\systemprofile\.m2\repository\com\squareup\okhttp3\okhttp\3.11.0\okhttp-3.11.0.jar;C:\WINDOWS\system32\config\systemprofile\.m2\repository\com\squareup\okio\okio\1.14.0\okio-1.14.0.jar;C:\WINDOWS\system32\config\systemprofile\.m2\repository\io\github\bonigarcia\webdrivermanager\5.5.2\webdrivermanager-5.5.2.jar;C:\WINDOWS\system32\config\systemprofile\.m2\repository\org\slf4j\slf4j-api\2.0.7\slf4j-api-2.0.7.jar;C:\WINDOWS\system32\config\systemprofile\.m2\repository\com\google\code\gson\gson\2.10.1\gson-2.10.1.jar;C:\WINDOWS\system32\config\systemprofile\.m2\repository\com\github\docker-java\docker-java\3.3.3\docker-java-3.3.3.jar;C:\WINDOWS\system32\config\systemprofile\.m2\repository\com\github\docker-java\docker-java-core\3.3.3\docker-java-core-3.3.3.jar;C:\WINDOWS\system32\config\systemprofile\.m2\repository\com\github\docker-java\docker-java-api\3.3.3\docker-java-api-3.3.3.jar;C:\WINDOWS\system32\config\systemprofile\.m2\repository\com\fasterxml\jackson\core\jackson-annotations\2.10.3\jackson-annotations-2.10.3.jar;C:\WINDOWS\system32\config\systemprofile\.m2\repository\commons-io\commons-io\2.6\commons-io-2.6.jar;C:\WINDOWS\system32\config\systemprofile\.m2\repository\org\apache\commons\commons-compress\1.21\commons-compress-1.21.jar;C:\WINDOWS\system32\config\systemprofile\.m2\repository\com\fasterxml\jackson\core\jackson-databind\2.10.3\jackson-databind-2.10.3.jar;C:\WINDOWS\system32\config\systemprofile\.m2\repository\com\fasterxml\jackson\core\jackson-core\2.10.3\jackson-core-2.10.3.jar;C:\WINDOWS\system32\config\systemprofile\.m2\repository\org\bouncycastle\bcpkix-jdk18on\1.75\bcpkix-jdk18on-1.75.jar;C:\WINDOWS\system32\config\systemprofile\.m2\repository\org\bouncycastle\bcprov-jdk18on\1.75\bcprov-jdk18on-1.75.jar;C:\WINDOWS\system32\config\systemprofile\.m2\repository\org\bouncycastle\bcutil-jdk18on\1.75\bcutil-jdk18on-1.75.jar;C:\WINDOWS\system32\config\systemprofile\.m2\repository\org\slf4j\jcl-over-slf4j\1.7.30\jcl-over-slf4j-1.7.30.jar;C:\WINDOWS\system32\config\systemprofile\.m2\repository\com\github\docker-java\docker-java-transport-httpclient5\3.3.3\docker-java-transport-httpclient5-3.3.3.jar;C:\WINDOWS\system32\config\systemprofile\.m2\repository\com\github\docker-java\docker-java-transport\3.3.3\docker-java-transport-3.3.3.jar;C:\WINDOWS\system32\config\systemprofile\.m2\repository\net\java\dev\jna\jna\5.12.1\jna-5.12.1.jar;C:\WINDOWS\system32\config\systemprofile\.m2\repository\org\brotli\dec\0.1.2\dec-0.1.2.jar;C:\WINDOWS\system32\config\systemprofile\.m2\repository\org\apache\commons\commons-lang3\3.13.0\commons-lang3-3.13.0.jar;C:\WINDOWS\system32\config\systemprofile\.m2\repository\org\apache\httpcomponents\client5\httpclient5\5.2.1\httpclient5-5.2.1.jar;C:\WINDOWS\system32\config\systemprofile\.m2\repository\org\apache\httpcomponents\core5\httpcore5\5.2\httpcore5-5.2.jar;C:\WINDOWS\system32\config\systemprofile\.m2\repository\org\apache\httpcomponents\core5\httpcore5-h2\5.2\httpcore5-h2-5.2.jar;C:\WINDOWS\system32\config\systemprofile\.m2\repository\org\testng\testng\7.3.0\testng-7.3.0.jar;C:\WINDOWS\system32\config\systemprofile\.m2\repository\com\beust\jcommander\1.78\jcommander-1.78.jar;C:\WINDOWS\system32\config\systemprofile\.m2\repository\org\apache\ant\ant\1.10.3\ant-1.10.3.jar;C:\WINDOWS\system32\config\systemprofile\.m2\repository\org\apache\ant\ant-launcher\1.10.3\ant-launcher-1.10.3.jar;C:\WINDOWS\system32\config\systemprofile\.m2\repository\junit\junit\4.12\junit-4.12.jar;C:\WINDOWS\system32\config\systemprofile\.m2\repository\org\hamcrest\hamcrest-core\1.3\hamcrest-core-1.3.jar;C:\WINDOWS\system32\config\systemprofile\.m2\repository\com\google\inject\guice\4.2.2\guice-4.2.2-no_aop.jar;C:\WINDOWS\system32\config\systemprofile\.m2\repository\javax\inject\javax.inject\1\javax.inject-1.jar;C:\WINDOWS\system32\config\systemprofile\.m2\repository\aopalliance\aopalliance\1.0\aopalliance-1.0.jar;C:\WINDOWS\system32\config\systemprofile\.m2\repository\org\yaml\snakeyaml\1.21\snakeyaml-1.21.jar;C:\WINDOWS\system32\config\systemprofile\.m2\repository\log4j\log4j\1.2.17\log4j-1.2.17.jar;C:\WINDOWS\system32\config\systemprofile\.m2\repository\com\aventstack\extentreports\3.1.2\extentreports-3.1.2.jar;C:\WINDOWS\system32\config\systemprofile\.m2\repository\org\freemarker\freemarker\2.3.23\freemarker-2.3.23.jar;C:\WINDOWS\system32\config\systemprofile\.m2\repository\org\mongodb\mongodb-driver\3.3.0\mongodb-driver-3.3.0.jar;C:\WINDOWS\system32\config\systemprofile\.m2\repository\org\mongodb\bson\3.3.0\bson-3.3.0.jar;C:\WINDOWS\system32\config\systemprofile\.m2\repository\org\mongodb\mongodb-driver-core\3.3.0\mongodb-driver-core-3.3.0.jar;C:\WINDOWS\system32\config\systemprofile\.m2\repository\org\apache\httpcomponents\httpclient\4.5.2\httpclient-4.5.2.jar;C:\WINDOWS\system32\config\systemprofile\.m2\repository\org\apache\httpcomponents\httpcore\4.4.4\httpcore-4.4.4.jar;C:\WINDOWS\system32\config\systemprofile\.m2\repository\commons-logging\commons-logging\1.2\commons-logging-1.2.jar;C:\WINDOWS\system32\config\systemprofile\.m2\repository\org\apache\httpcomponents\httpmime\4.5.2\httpmime-4.5.2.jar;C:\WINDOWS\system32\config\systemprofile\.m2\repository\org\jsoup\jsoup\1.9.2\jsoup-1.9.2.jar;C:\WINDOWS\system32\config\systemprofile\.m2\repository\io\qameta\allure\allure-testng\2.24.0\allure-testng-2.24.0.jar;C:\WINDOWS\system32\config\systemprofile\.m2\repository\io\qameta\allure\allure-java-commons\2.24.0\allure-java-commons-2.24.0.jar;C:\WINDOWS\system32\config\systemprofile\.m2\repository\io\qameta\allure\allure-model\2.24.0\allure-model-2.24.0.jar;C:\WINDOWS\system32\config\systemprofile\.m2\repository\io\qameta\allure\allure-test-filter\2.24.0\allure-test-filter-2.24.0.jar;C:\WINDOWS\system32\config\systemprofile\.m2\repository\org\apache\poi\poi\3.17\poi-3.17.jar;C:\WINDOWS\system32\config\systemprofile\.m2\repository\commons-codec\commons-codec\1.10\commons-codec-1.10.jar;C:\WINDOWS\system32\config\systemprofile\.m2\repository\org\apache\commons\commons-collections4\4.1\commons-collections4-4.1.jar;C:\WINDOWS\system32\config\systemprofile\.m2\repository\org\apache\poi\poi-ooxml\3.17\poi-ooxml-3.17.jar;C:\WINDOWS\system32\config\systemprofile\.m2\repository\org\apache\poi\poi-ooxml-schemas\3.17\poi-ooxml-schemas-3.17.jar;C:\WINDOWS\system32\config\systemprofile\.m2\repository\org\apache\xmlbeans\xmlbeans\2.6.0\xmlbeans-2.6.0.jar;C:\WINDOWS\system32\config\systemprofile\.m2\repository\stax\stax-api\1.0.1\stax-api-1.0.1.jar;C:\WINDOWS\system32\config\systemprofile\.m2\repository\com\github\virtuald\curvesapi\1.04\curvesapi-1.04.jar;"/>
    <property name="java.vm.vendor" value="Oracle Corporation"/>
    <property name="sun.arch.data.model" value="64"/>
    <property name="user.variant" value=""/>
    <property name="java.vendor.url" value="https://openjdk.java.net/"/>
    <property name="user.timezone" value="America/New_York"/>
    <property name="java.vm.specification.version" value="11"/>
    <property name="os.name" value="Windows 11"/>
    <property name="sun.java.launcher" value="SUN_STANDARD"/>
    <property name="user.country" value="CA"/>
    <property name="sun.boot.library.path" value="C:\Program Files\Java\jdk-11.0.16\bin"/>
    <property name="sun.java.command" value="C:\WINDOWS\TEMP\surefire16618567589280262671\surefirebooter9213111993953749524.jar C:\Windows\Temp\surefire16618567589280262671 2023-11-15T16-39-09_715-jvmRun1 surefire8248802837088253324tmp surefire_010832073727133876312tmp"/>
    <property name="jdk.debug" value="release"/>
    <property name="surefire.test.class.path" value="C:\Users\Vishnu\eclipse-workspace\NaveenAutomationLab\target\test-classes;C:\Users\Vishnu\eclipse-workspace\NaveenAutomationLab\target\classes;C:\WINDOWS\system32\config\systemprofile\.m2\repository\org\seleniumhq\selenium\selenium-java\3.141.59\selenium-java-3.141.59.jar;C:\WINDOWS\system32\config\systemprofile\.m2\repository\org\seleniumhq\selenium\selenium-api\3.141.59\selenium-api-3.141.59.jar;C:\WINDOWS\system32\config\systemprofile\.m2\repository\org\seleniumhq\selenium\selenium-chrome-driver\3.141.59\selenium-chrome-driver-3.141.59.jar;C:\WINDOWS\system32\config\systemprofile\.m2\repository\org\seleniumhq\selenium\selenium-edge-driver\3.141.59\selenium-edge-driver-3.141.59.jar;C:\WINDOWS\system32\config\systemprofile\.m2\repository\org\seleniumhq\selenium\selenium-firefox-driver\3.141.59\selenium-firefox-driver-3.141.59.jar;C:\WINDOWS\system32\config\systemprofile\.m2\repository\org\seleniumhq\selenium\selenium-ie-driver\3.141.59\selenium-ie-driver-3.141.59.jar;C:\WINDOWS\system32\config\systemprofile\.m2\repository\org\seleniumhq\selenium\selenium-opera-driver\3.141.59\selenium-opera-driver-3.141.59.jar;C:\WINDOWS\system32\config\systemprofile\.m2\repository\org\seleniumhq\selenium\selenium-remote-driver\3.141.59\selenium-remote-driver-3.141.59.jar;C:\WINDOWS\system32\config\systemprofile\.m2\repository\org\seleniumhq\selenium\selenium-safari-driver\3.141.59\selenium-safari-driver-3.141.59.jar;C:\WINDOWS\system32\config\systemprofile\.m2\repository\org\seleniumhq\selenium\selenium-support\3.141.59\selenium-support-3.141.59.jar;C:\WINDOWS\system32\config\systemprofile\.m2\repository\net\bytebuddy\byte-buddy\1.8.15\byte-buddy-1.8.15.jar;C:\WINDOWS\system32\config\systemprofile\.m2\repository\org\apache\commons\commons-exec\1.3\commons-exec-1.3.jar;C:\WINDOWS\system32\config\systemprofile\.m2\repository\com\google\guava\guava\25.0-jre\guava-25.0-jre.jar;C:\WINDOWS\system32\config\systemprofile\.m2\repository\com\google\code\findbugs\jsr305\1.3.9\jsr305-1.3.9.jar;C:\WINDOWS\system32\config\systemprofile\.m2\repository\org\checkerframework\checker-compat-qual\2.0.0\checker-compat-qual-2.0.0.jar;C:\WINDOWS\system32\config\systemprofile\.m2\repository\com\google\errorprone\error_prone_annotations\2.1.3\error_prone_annotations-2.1.3.jar;C:\WINDOWS\system32\config\systemprofile\.m2\repository\com\google\j2objc\j2objc-annotations\1.1\j2objc-annotations-1.1.jar;C:\WINDOWS\system32\config\systemprofile\.m2\repository\org\codehaus\mojo\animal-sniffer-annotations\1.14\animal-sniffer-annotations-1.14.jar;C:\WINDOWS\system32\config\systemprofile\.m2\repository\com\squareup\okhttp3\okhttp\3.11.0\okhttp-3.11.0.jar;C:\WINDOWS\system32\config\systemprofile\.m2\repository\com\squareup\okio\okio\1.14.0\okio-1.14.0.jar;C:\WINDOWS\system32\config\systemprofile\.m2\repository\io\github\bonigarcia\webdrivermanager\5.5.2\webdrivermanager-5.5.2.jar;C:\WINDOWS\system32\config\systemprofile\.m2\repository\org\slf4j\slf4j-api\2.0.7\slf4j-api-2.0.7.jar;C:\WINDOWS\system32\config\systemprofile\.m2\repository\com\google\code\gson\gson\2.10.1\gson-2.10.1.jar;C:\WINDOWS\system32\config\systemprofile\.m2\repository\com\github\docker-java\docker-java\3.3.3\docker-java-3.3.3.jar;C:\WINDOWS\system32\config\systemprofile\.m2\repository\com\github\docker-java\docker-java-core\3.3.3\docker-java-core-3.3.3.jar;C:\WINDOWS\system32\config\systemprofile\.m2\repository\com\github\docker-java\docker-java-api\3.3.3\docker-java-api-3.3.3.jar;C:\WINDOWS\system32\config\systemprofile\.m2\repository\com\fasterxml\jackson\core\jackson-annotations\2.10.3\jackson-annotations-2.10.3.jar;C:\WINDOWS\system32\config\systemprofile\.m2\repository\commons-io\commons-io\2.6\commons-io-2.6.jar;C:\WINDOWS\system32\config\systemprofile\.m2\repository\org\apache\commons\commons-compress\1.21\commons-compress-1.21.jar;C:\WINDOWS\system32\config\systemprofile\.m2\repository\com\fasterxml\jackson\core\jackson-databind\2.10.3\jackson-databind-2.10.3.jar;C:\WINDOWS\system32\config\systemprofile\.m2\repository\com\fasterxml\jackson\core\jackson-core\2.10.3\jackson-core-2.10.3.jar;C:\WINDOWS\system32\config\systemprofile\.m2\repository\org\bouncycastle\bcpkix-jdk18on\1.75\bcpkix-jdk18on-1.75.jar;C:\WINDOWS\system32\config\systemprofile\.m2\repository\org\bouncycastle\bcprov-jdk18on\1.75\bcprov-jdk18on-1.75.jar;C:\WINDOWS\system32\config\systemprofile\.m2\repository\org\bouncycastle\bcutil-jdk18on\1.75\bcutil-jdk18on-1.75.jar;C:\WINDOWS\system32\config\systemprofile\.m2\repository\org\slf4j\jcl-over-slf4j\1.7.30\jcl-over-slf4j-1.7.30.jar;C:\WINDOWS\system32\config\systemprofile\.m2\repository\com\github\docker-java\docker-java-transport-httpclient5\3.3.3\docker-java-transport-httpclient5-3.3.3.jar;C:\WINDOWS\system32\config\systemprofile\.m2\repository\com\github\docker-java\docker-java-transport\3.3.3\docker-java-transport-3.3.3.jar;C:\WINDOWS\system32\config\systemprofile\.m2\repository\net\java\dev\jna\jna\5.12.1\jna-5.12.1.jar;C:\WINDOWS\system32\config\systemprofile\.m2\repository\org\brotli\dec\0.1.2\dec-0.1.2.jar;C:\WINDOWS\system32\config\systemprofile\.m2\repository\org\apache\commons\commons-lang3\3.13.0\commons-lang3-3.13.0.jar;C:\WINDOWS\system32\config\systemprofile\.m2\repository\org\apache\httpcomponents\client5\httpclient5\5.2.1\httpclient5-5.2.1.jar;C:\WINDOWS\system32\config\systemprofile\.m2\repository\org\apache\httpcomponents\core5\httpcore5\5.2\httpcore5-5.2.jar;C:\WINDOWS\system32\config\systemprofile\.m2\repository\org\apache\httpcomponents\core5\httpcore5-h2\5.2\httpcore5-h2-5.2.jar;C:\WINDOWS\system32\config\systemprofile\.m2\repository\org\testng\testng\7.3.0\testng-7.3.0.jar;C:\WINDOWS\system32\config\systemprofile\.m2\repository\com\beust\jcommander\1.78\jcommander-1.78.jar;C:\WINDOWS\system32\config\systemprofile\.m2\repository\org\apache\ant\ant\1.10.3\ant-1.10.3.jar;C:\WINDOWS\system32\config\systemprofile\.m2\repository\org\apache\ant\ant-launcher\1.10.3\ant-launcher-1.10.3.jar;C:\WINDOWS\system32\config\systemprofile\.m2\repository\junit\junit\4.12\junit-4.12.jar;C:\WINDOWS\system32\config\systemprofile\.m2\repository\org\hamcrest\hamcrest-core\1.3\hamcrest-core-1.3.jar;C:\WINDOWS\system32\config\systemprofile\.m2\repository\com\google\inject\guice\4.2.2\guice-4.2.2-no_aop.jar;C:\WINDOWS\system32\config\systemprofile\.m2\repository\javax\inject\javax.inject\1\javax.inject-1.jar;C:\WINDOWS\system32\config\systemprofile\.m2\repository\aopalliance\aopalliance\1.0\aopalliance-1.0.jar;C:\WINDOWS\system32\config\systemprofile\.m2\repository\org\yaml\snakeyaml\1.21\snakeyaml-1.21.jar;C:\WINDOWS\system32\config\systemprofile\.m2\repository\log4j\log4j\1.2.17\log4j-1.2.17.jar;C:\WINDOWS\system32\config\systemprofile\.m2\repository\com\aventstack\extentreports\3.1.2\extentreports-3.1.2.jar;C:\WINDOWS\system32\config\systemprofile\.m2\repository\org\freemarker\freemarker\2.3.23\freemarker-2.3.23.jar;C:\WINDOWS\system32\config\systemprofile\.m2\repository\org\mongodb\mongodb-driver\3.3.0\mongodb-driver-3.3.0.jar;C:\WINDOWS\system32\config\systemprofile\.m2\repository\org\mongodb\bson\3.3.0\bson-3.3.0.jar;C:\WINDOWS\system32\config\systemprofile\.m2\repository\org\mongodb\mongodb-driver-core\3.3.0\mongodb-driver-core-3.3.0.jar;C:\WINDOWS\system32\config\systemprofile\.m2\repository\org\apache\httpcomponents\httpclient\4.5.2\httpclient-4.5.2.jar;C:\WINDOWS\system32\config\systemprofile\.m2\repository\org\apache\httpcomponents\httpcore\4.4.4\httpcore-4.4.4.jar;C:\WINDOWS\system32\config\systemprofile\.m2\repository\commons-logging\commons-logging\1.2\commons-logging-1.2.jar;C:\WINDOWS\system32\config\systemprofile\.m2\repository\org\apache\httpcomponents\httpmime\4.5.2\httpmime-4.5.2.jar;C:\WINDOWS\system32\config\systemprofile\.m2\repository\org\jsoup\jsoup\1.9.2\jsoup-1.9.2.jar;C:\WINDOWS\system32\config\systemprofile\.m2\repository\io\qameta\allure\allure-testng\2.24.0\allure-testng-2.24.0.jar;C:\WINDOWS\system32\config\systemprofile\.m2\repository\io\qameta\allure\allure-java-commons\2.24.0\allure-java-commons-2.24.0.jar;C:\WINDOWS\system32\config\systemprofile\.m2\repository\io\qameta\allure\allure-model\2.24.0\allure-model-2.24.0.jar;C:\WINDOWS\system32\config\systemprofile\.m2\repository\io\qameta\allure\allure-test-filter\2.24.0\allure-test-filter-2.24.0.jar;C:\WINDOWS\system32\config\systemprofile\.m2\repository\org\apache\poi\poi\3.17\poi-3.17.jar;C:\WINDOWS\system32\config\systemprofile\.m2\repository\commons-codec\commons-codec\1.10\commons-codec-1.10.jar;C:\WINDOWS\system32\config\systemprofile\.m2\repository\org\apache\commons\commons-collections4\4.1\commons-collections4-4.1.jar;C:\WINDOWS\system32\config\systemprofile\.m2\repository\org\apache\poi\poi-ooxml\3.17\poi-ooxml-3.17.jar;C:\WINDOWS\system32\config\systemprofile\.m2\repository\org\apache\poi\poi-ooxml-schemas\3.17\poi-ooxml-schemas-3.17.jar;C:\WINDOWS\system32\config\systemprofile\.m2\repository\org\apache\xmlbeans\xmlbeans\2.6.0\xmlbeans-2.6.0.jar;C:\WINDOWS\system32\config\systemprofile\.m2\repository\stax\stax-api\1.0.1\stax-api-1.0.1.jar;C:\WINDOWS\system32\config\systemprofile\.m2\repository\com\github\virtuald\curvesapi\1.04\curvesapi-1.04.jar;"/>
    <property name="sun.cpu.endian" value="little"/>
    <property name="user.home" value="C:\WINDOWS\system32\config\systemprofile"/>
    <property name="user.language" value="en"/>
    <property name="java.specification.vendor" value="Oracle Corporation"/>
    <property name="java.version.date" value="2022-07-19"/>
    <property name="java.home" value="C:\Program Files\Java\jdk-11.0.16"/>
    <property name="file.separator" value="\"/>
    <property name="basedir" value="C:\Users\Vishnu\eclipse-workspace\NaveenAutomationLab"/>
    <property name="java.vm.compressedOopsMode" value="32-bit"/>
    <property name="line.separator" value="&#10;"/>
    <property name="java.specification.name" value="Java Platform API Specification"/>
    <property name="java.vm.specification.vendor" value="Oracle Corporation"/>
    <property name="java.awt.graphicsenv" value="sun.awt.Win32GraphicsEnvironment"/>
    <property name="surefire.real.class.path" value="C:\WINDOWS\TEMP\surefire16618567589280262671\surefirebooter9213111993953749524.jar"/>
    <property name="user.script" value=""/>
    <property name="sun.management.compiler" value="HotSpot 64-Bit Tiered Compilers"/>
    <property name="java.runtime.version" value="11.0.16+11-LTS-199"/>
    <property name="user.name" value="VAISH$"/>
    <property name="path.separator" value=";"/>
    <property name="os.version" value="10.0"/>
    <property name="java.runtime.name" value="Java(TM) SE Runtime Environment"/>
    <property name="file.encoding" value="Cp1252"/>
    <property name="java.vm.name" value="Java HotSpot(TM) 64-Bit Server VM"/>
    <property name="java.vendor.version" value="18.9"/>
    <property name="localRepository" value="C:\WINDOWS\system32\config\systemprofile\.m2\repository"/>
    <property name="java.vendor.url.bug" value="https://bugreport.java.com/bugreport/"/>
    <property name="java.io.tmpdir" value="C:\WINDOWS\TEMP\"/>
    <property name="java.version" value="11.0.16"/>
    <property name="user.dir" value="C:\Users\Vishnu\eclipse-workspace\NaveenAutomationLab"/>
    <property name="os.arch" value="amd64"/>
    <property name="java.vm.specification.name" value="Java Virtual Machine Specification"/>
    <property name="java.awt.printerjob" value="sun.awt.windows.WPrinterJob"/>
    <property name="sun.os.patch.level" value=""/>
    <property name="java.library.path" value="C:\Program Files\Java\jdk-11.0.16\bin;C:\WINDOWS\Sun\Java\bin;C:\WINDOWS\system32;C:\WINDOWS;C:\Maven\apache-maven-3.9.4/bin;C:\Program Files\Java\jdk-11.0.16/bin;C:\Program Files\Java\jdk-11.0.16/bin;C:\Program Files\Common Files\Oracle\Java\javapath;C:\Program Files\Python311\Scripts\;C:\Program Files\Python311\;C:\WINDOWS\system32;C:\WINDOWS;C:\WINDOWS\System32\Wbem;C:\WINDOWS\System32\WindowsPowerShell\v1.0\;C:\WINDOWS\System32\OpenSSH\;%JAVA_HOME%\bin;C:\Program Files\Git\cmd;C:\Maven\apache-maven-3.9.4\bin;C:\Users\Vishnu\scoop\apps\allure\2.24.1\bin;C:\WINDOWS\system32\config\systemprofile\AppData\Local\Microsoft\WindowsApps;."/>
    <property name="java.vendor" value="Oracle Corporation"/>
    <property name="java.vm.info" value="mixed mode"/>
    <property name="java.vm.version" value="11.0.16+11-LTS-199"/>
    <property name="sun.io.unicode.encoding" value="UnicodeLittle"/>
    <property name="java.class.version" value="55.0"/>
  </properties>
  <testcase name="validateUserCanAccessAddressBook" classname="com.naveenAutomationPageTest.AccountPageTest" time="2.18"/>
  <testcase name="validateUserCanAccessDownloadsPage" classname="com.naveenAutomationPageTest.AccountPageTest" time="2.354"/>
  <testcase name="validateUserCanAccessOrderHistory" classname="com.naveenAutomationPageTest.AccountPageTest" time="2.373"/>
  <testcase name="validateUserCanAccessRecurringPaymentsPage" classname="com.naveenAutomationPageTest.AccountPageTest" time="2.227"/>
  <testcase name="validateUserCanAccessRewardPointsPage" classname="com.naveenAutomationPageTest.AccountPageTest" time="3.619"/>
  <testcase name="validateUserCanAccessTransactionsPage" classname="com.naveenAutomationPageTest.AccountPageTest" time="2.587"/>
  <testcase name="validateUserCanChangePassword" classname="com.naveenAutomationPageTest.AccountPageTest" time="3.607"/>
  <testcase name="validateUserCanEditPersonalInfo" classname="com.naveenAutomationPageTest.AccountPageTest" time="3.284"/>
  <testcase name="validateUserCanUpdateNewsLetterSubscription" classname="com.naveenAutomationPageTest.AccountPageTest" time="3.299"/>
  <testcase name="validateUserCanUpdateWishList" classname="com.naveenAutomationPageTest.AccountPageTest" time="2.342"/>
  <testcase name="validateUserCanAddNewAddressToAddressBook" classname="com.naveenAutomationPageTest.AddressBookEntriesPageTest" time="9.93"/>
  <testcase name="validateUserCanAddNewAddressToAddressBook" classname="com.naveenAutomationPageTest.AddressBookEntriesPageTest" time="10.081"/>
  <testcase name="validateUserCanNavigateToAddressBook" classname="com.naveenAutomationPageTest.AddressBookEntriesPageTest" time="3.215"/>
  <testcase name="validateFirstNameCharactersAreWithinRange" classname="com.naveenAutomationPageTest.EditAccountPageTest" time="5.047"/>
  <testcase name="validateLastNameCharactersAreWithinRange" classname="com.naveenAutomationPageTest.EditAccountPageTest" time="4.676"/>
  <testcase name="validateUserCanNotSkipEmail" classname="com.naveenAutomationPageTest.EditAccountPageTest" time="17.516"/>
  <testcase name="validateUserCanNotSkipFirstName" classname="com.naveenAutomationPageTest.EditAccountPageTest" time="3.57"/>
  <testcase name="validateUserCanNotSkipLastName" classname="com.naveenAutomationPageTest.EditAccountPageTest" time="3.533"/>
  <testcase name="validateUserWillGetConfirmationLinkUsingValidEmail" classname="com.naveenAutomationPageTest.ForgottenPasswordPageTest" time="1.895"/>
  <testcase name="validateUserWillNotGetConfirmationLinkUsingInvalidEmail" classname="com.naveenAutomationPageTest.ForgottenPasswordPageTest" time="1.344"/>
  <testcase name="validateUserCanLoginWithValidCredentials" classname="com.naveenAutomationPageTest.LoginPageTest" time="1.137"/>
  <testcase name="validateUserCanNotLoginWithInValidPassword" classname="com.naveenAutomationPageTest.LoginPageTest" time="0.854"/>
  <testcase name="validateUserIsAbleToNavigateToForgottenPasswordPage" classname="com.naveenAutomationPageTest.LoginPageTest" time="0.632"/>
  <testcase name="validateUserCanLogoutsafely" classname="com.naveenAutomationPageTest.LogoutPageTest" time="4.686"/>
  <testcase name="validateUserCanNavigateToRegisterAccount" classname="com.naveenAutomationPageTest.RegisterAccountPageTest" time="1.301"/>
  <testcase name="validateUserCanNotEnterInvalidFirstName" classname="com.naveenAutomationPageTest.RegisterAccountPageTest" time="2.499"/>
  <testcase name="validateUserCanNotEnterInvalidLastName" classname="com.naveenAutomationPageTest.RegisterAccountPageTest" time="2.504"/>
  <testcase name="validateUserCanNotEnterInvalidTelephone" classname="com.naveenAutomationPageTest.RegisterAccountPageTest" time="4.489"/>
  <testcase name="validateUserCanNotSkipConfirmPassword" classname="com.naveenAutomationPageTest.RegisterAccountPageTest" time="4.023"/>
  <testcase name="validateUserCanNotSkipEmail" classname="com.naveenAutomationPageTest.RegisterAccountPageTest" time="2.127"/>
  <testcase name="validateUserCanNotSkipFirstName" classname="com.naveenAutomationPageTest.RegisterAccountPageTest" time="2.486"/>
  <testcase name="validateUserCanNotSkipLastName" classname="com.naveenAutomationPageTest.RegisterAccountPageTest" time="2.563"/>
  <testcase name="validateUserCanNotSkipPassword" classname="com.naveenAutomationPageTest.RegisterAccountPageTest" time="4.282"/>
  <testcase name="validateUserCheckEDPrivacyPolicyCheckBox" classname="com.naveenAutomationPageTest.RegisterAccountPageTest" time="2.5"/>
  <testcase name="validateUserIsAbleToRegisterWithValidInfo" classname="com.naveenAutomationPageTest.RegisterAccountPageTest" time="2.51">
    <failure message="User is not Able To Register With Valid Info expected [Your Account Has Been Created!] but found [Register Account]" type="java.lang.AssertionError">java.lang.AssertionError: User is not Able To Register With Valid Info expected [Your Account Has Been Created!] but found [Register Account]
	at com.naveenAutomationPageTest.RegisterAccountPageTest.validateUserIsAbleToRegisterWithValidInfo(RegisterAccountPageTest.java:49)
</failure>
    <system-out><![CDATA[2023-11-15 16:44:31 INFO  TestBase:40 - Navigating to https://naveenautomationlabs.com/opencart/index.php?route=account/login
315316 [main] INFO com.naveenautomation.base.TestBase  - Navigating to https://naveenautomationlabs.com/opencart/index.php?route=account/login
2023-11-15 16:44:34 INFO  TestBase:46 - Navigated to https://naveenautomationlabs.com/opencart/index.php?route=account/login
318341 [main] INFO com.naveenautomation.base.TestBase  - Navigated to https://naveenautomationlabs.com/opencart/index.php?route=account/login
2023-11-15 16:44:34 INFO  TestBase:88 - Finding element using By.xpath: //a[text()='Continue']
318532 [main] INFO com.naveenautomation.base.TestBase  - Finding element using By.xpath: //a[text()='Continue']
2023-11-15 16:44:34 INFO  TestBase:94 - Found element using By.xpath: //a[text()='Continue']
318554 [main] INFO com.naveenautomation.base.TestBase  - Found element using By.xpath: //a[text()='Continue']
2023-11-15 16:44:35 INFO  TestBase:100 - Clicking on Continue
318570 [main] INFO com.naveenautomation.base.TestBase  - Clicking on Continue
2023-11-15 16:44:35 INFO  TestBase:106 - Clicked on [[ChromeDriver: chrome on WINDOWS (a489d402843311f9a8288670ee25b22f)] -> xpath: //a[text()='Continue']]
319546 [main] INFO com.naveenautomation.base.TestBase  - Clicked on [[ChromeDriver: chrome on WINDOWS (a489d402843311f9a8288670ee25b22f)] -> xpath: //a[text()='Continue']]
2023-11-15 16:44:35 INFO  TestBase:88 - Finding element using By.id: input-firstname
319547 [main] INFO com.naveenautomation.base.TestBase  - Finding element using By.id: input-firstname
2023-11-15 16:44:36 INFO  TestBase:94 - Found element using By.id: input-firstname
319581 [main] INFO com.naveenautomation.base.TestBase  - Found element using By.id: input-firstname
2023-11-15 16:44:36 INFO  TestBase:88 - Finding element using By.id: input-lastname
319689 [main] INFO com.naveenautomation.base.TestBase  - Finding element using By.id: input-lastname
2023-11-15 16:44:36 INFO  TestBase:94 - Found element using By.id: input-lastname
319718 [main] INFO com.naveenautomation.base.TestBase  - Found element using By.id: input-lastname
2023-11-15 16:44:36 INFO  TestBase:88 - Finding element using By.id: input-email
319807 [main] INFO com.naveenautomation.base.TestBase  - Finding element using By.id: input-email
2023-11-15 16:44:36 INFO  TestBase:94 - Found element using By.id: input-email
319828 [main] INFO com.naveenautomation.base.TestBase  - Found element using By.id: input-email
2023-11-15 16:44:36 INFO  TestBase:88 - Finding element using By.id: input-telephone
319924 [main] INFO com.naveenautomation.base.TestBase  - Finding element using By.id: input-telephone
2023-11-15 16:44:36 INFO  TestBase:94 - Found element using By.id: input-telephone
319949 [main] INFO com.naveenautomation.base.TestBase  - Found element using By.id: input-telephone
2023-11-15 16:44:36 INFO  TestBase:88 - Finding element using By.id: input-password
320040 [main] INFO com.naveenautomation.base.TestBase  - Finding element using By.id: input-password
2023-11-15 16:44:36 INFO  TestBase:94 - Found element using By.id: input-password
320072 [main] INFO com.naveenautomation.base.TestBase  - Found element using By.id: input-password
2023-11-15 16:44:36 INFO  TestBase:88 - Finding element using By.id: input-confirm
320151 [main] INFO com.naveenautomation.base.TestBase  - Finding element using By.id: input-confirm
2023-11-15 16:44:36 INFO  TestBase:94 - Found element using By.id: input-confirm
320176 [main] INFO com.naveenautomation.base.TestBase  - Found element using By.id: input-confirm
2023-11-15 16:44:36 INFO  TestBase:88 - Finding element using By.cssSelector: input[type='checkbox']
320244 [main] INFO com.naveenautomation.base.TestBase  - Finding element using By.cssSelector: input[type='checkbox']
2023-11-15 16:44:36 INFO  TestBase:94 - Found element using By.cssSelector: input[type='checkbox']
320271 [main] INFO com.naveenautomation.base.TestBase  - Found element using By.cssSelector: input[type='checkbox']
2023-11-15 16:44:36 INFO  TestBase:100 - Clicking on 
320283 [main] INFO com.naveenautomation.base.TestBase  - Clicking on 
2023-11-15 16:44:36 INFO  TestBase:106 - Clicked on [[ChromeDriver: chrome on WINDOWS (a489d402843311f9a8288670ee25b22f)] -> css selector: input[type='checkbox']]
320363 [main] INFO com.naveenautomation.base.TestBase  - Clicked on [[ChromeDriver: chrome on WINDOWS (a489d402843311f9a8288670ee25b22f)] -> css selector: input[type='checkbox']]
2023-11-15 16:44:36 INFO  TestBase:88 - Finding element using By.cssSelector: input[value='Continue']
320363 [main] INFO com.naveenautomation.base.TestBase  - Finding element using By.cssSelector: input[value='Continue']
2023-11-15 16:44:36 INFO  TestBase:94 - Found element using By.cssSelector: input[value='Continue']
320402 [main] INFO com.naveenautomation.base.TestBase  - Found element using By.cssSelector: input[value='Continue']
2023-11-15 16:44:36 INFO  TestBase:100 - Clicking on 
320410 [main] INFO com.naveenautomation.base.TestBase  - Clicking on 
2023-11-15 16:44:37 INFO  TestBase:106 - Clicked on [[ChromeDriver: chrome on WINDOWS (a489d402843311f9a8288670ee25b22f)] -> css selector: input[value='Continue']]
320954 [main] INFO com.naveenautomation.base.TestBase  - Clicked on [[ChromeDriver: chrome on WINDOWS (a489d402843311f9a8288670ee25b22f)] -> css selector: input[value='Continue']]
2023-11-15 16:44:37 INFO  TestBase:88 - Finding element using By.cssSelector: #content > h1
320955 [main] INFO com.naveenautomation.base.TestBase  - Finding element using By.cssSelector: #content > h1
2023-11-15 16:44:37 INFO  TestBase:94 - Found element using By.cssSelector: #content > h1
320982 [main] INFO com.naveenautomation.base.TestBase  - Found element using By.cssSelector: #content > h1
2023-11-15 16:44:37 INFO  TestBase:166 - Getting text on Register Account
320997 [main] INFO com.naveenautomation.base.TestBase  - Getting text on Register Account
2023-11-15 16:44:37 INFO  TestBase:172 - Got text on Register Account
321030 [main] INFO com.naveenautomation.base.TestBase  - Got text on Register Account
]]></system-out>
    <system-err><![CDATA[Starting ChromeDriver 119.0.6045.105 (38c72552c5e15ba9b3117c0967a0fd105072d7c6-refs/branch-heads/6045@{#1103}) on port 13486
Only local connections are allowed.
Please see https://chromedriver.chromium.org/security-considerations for suggestions on keeping ChromeDriver safe.
ChromeDriver was started successfully.
Nov. 15, 2023 4:44:31 P.M. org.openqa.selenium.remote.ProtocolHandshake createSession
INFO: Detected dialect: W3C
]]></system-err>
  </testcase>
  <testcase name="validateNavigationBackToAccountPage" classname="com.naveenAutomationPageTest.ViewProductReturnsPageTest" time="2.58"/>
  <testcase name="validateNavigationToViewProductReturnsPage" classname="com.naveenAutomationPageTest.ViewProductReturnsPageTest" time="3.728"/>
</testsuite>