<?xml version="1.0" encoding="UTF-8"?>
<!-- Generated by org.testng.reporters.JUnitReportReporter -->
<testsuite hostname="vaish" failures="0" tests="12" name="com.naveenAutomationPageTest.RegisterAccountPageTest" time="0.021" errors="1" timestamp="2023-11-19T15:15:18 EST" skipped="11">
  <testcase classname="com.naveenAutomationPageTest.RegisterAccountPageTest" name="validateUserCanNotSkipConfirmPassword" time="0.000">
    <skipped/>
  </testcase> <!-- validateUserCanNotSkipConfirmPassword -->
  <system-out/>
  <testcase classname="com.naveenAutomationPageTest.RegisterAccountPageTest" name="validateUserCanNotSkipLastName" time="0.000">
    <skipped/>
  </testcase> <!-- validateUserCanNotSkipLastName -->
  <system-out/>
  <testcase classname="com.naveenAutomationPageTest.RegisterAccountPageTest" name="validateUserCanNavigateToRegisterAccount" time="0.000">
    <skipped/>
  </testcase> <!-- validateUserCanNavigateToRegisterAccount -->
  <system-out/>
  <testcase classname="com.naveenAutomationPageTest.RegisterAccountPageTest" name="validateUserCanNotSkipPassword" time="0.000">
    <skipped/>
  </testcase> <!-- validateUserCanNotSkipPassword -->
  <system-out/>
  <testcase classname="com.naveenAutomationPageTest.RegisterAccountPageTest" name="validateUserCanNotSkipEmail" time="0.000">
    <skipped/>
  </testcase> <!-- validateUserCanNotSkipEmail -->
  <system-out/>
  <testcase classname="com.naveenAutomationPageTest.RegisterAccountPageTest" name="launchBrowser" time="0.021">
    <error message="Could not start a new session. Response code 404. Message: Unable to find handler for (POST) /session 
Host info: host: &#039;VAISH&#039;, ip: &#039;192.168.137.1&#039;
Build info: version: &#039;4.12.0&#039;, revision: &#039;249f2a7d1b*&#039;
System info: os.name: &#039;Windows 11&#039;, os.arch: &#039;amd64&#039;, os.version: &#039;10.0&#039;, java.version: &#039;11.0.16&#039;
Driver info: org.openqa.selenium.remote.RemoteWebDriver
Command: [null, newSession {capabilities=[Capabilities {browserName: chrome, goog:chromeOptions: {args: [--remote-allow-origins=*, --incognito, --headless], extensions: []}}]}]
Capabilities {browserName: chrome, goog:chromeOptions: {args: [--remote-allow-origins=*, --incognito, --headless], extensions: []}}" type="org.openqa.selenium.SessionNotCreatedException">
      <![CDATA[org.openqa.selenium.SessionNotCreatedException: Could not start a new session. Response code 404. Message: Unable to find handler for (POST) /session 
Host info: host: 'VAISH', ip: '192.168.137.1'
Build info: version: '4.12.0', revision: '249f2a7d1b*'
System info: os.name: 'Windows 11', os.arch: 'amd64', os.version: '10.0', java.version: '11.0.16'
Driver info: org.openqa.selenium.remote.RemoteWebDriver
Command: [null, newSession {capabilities=[Capabilities {browserName: chrome, goog:chromeOptions: {args: [--remote-allow-origins=*, --incognito, --headless], extensions: []}}]}]
Capabilities {browserName: chrome, goog:chromeOptions: {args: [--remote-allow-origins=*, --incognito, --headless], extensions: []}}
at org.openqa.selenium.remote.ProtocolHandshake.createSession(ProtocolHandshake.java:140)
at org.openqa.selenium.remote.ProtocolHandshake.createSession(ProtocolHandshake.java:96)
at org.openqa.selenium.remote.ProtocolHandshake.createSession(ProtocolHandshake.java:68)
at org.openqa.selenium.remote.HttpCommandExecutor.execute(HttpCommandExecutor.java:163)
at org.openqa.selenium.remote.TracedCommandExecutor.execute(TracedCommandExecutor.java:51)
at org.openqa.selenium.remote.RemoteWebDriver.execute(RemoteWebDriver.java:602)
at org.openqa.selenium.remote.RemoteWebDriver.startSession(RemoteWebDriver.java:236)
at org.openqa.selenium.remote.RemoteWebDriver.<init>(RemoteWebDriver.java:163)
at org.openqa.selenium.remote.RemoteWebDriver.<init>(RemoteWebDriver.java:143)
at com.naveenautomation.base.TestBase.initialise(TestBase.java:54)
at com.naveenAutomationPageTest.RegisterAccountPageTest.launchBrowser(RegisterAccountPageTest.java:23)
at java.base/jdk.internal.reflect.NativeMethodAccessorImpl.invoke0(Native Method)
at java.base/jdk.internal.reflect.NativeMethodAccessorImpl.invoke(NativeMethodAccessorImpl.java:62)
at java.base/jdk.internal.reflect.DelegatingMethodAccessorImpl.invoke(DelegatingMethodAccessorImpl.java:43)
at java.base/java.lang.reflect.Method.invoke(Method.java:566)
at org.testng.internal.MethodInvocationHelper.invokeMethod(MethodInvocationHelper.java:132)
at org.testng.internal.MethodInvocationHelper.invokeMethodConsideringTimeout(MethodInvocationHelper.java:61)
at org.testng.internal.ConfigInvoker.invokeConfigurationMethod(ConfigInvoker.java:366)
at org.testng.internal.ConfigInvoker.invokeConfigurations(ConfigInvoker.java:320)
at org.testng.internal.TestInvoker.runConfigMethods(TestInvoker.java:701)
at org.testng.internal.TestInvoker.invokeMethod(TestInvoker.java:527)
at org.testng.internal.TestInvoker.invokeTestMethod(TestInvoker.java:174)
at org.testng.internal.MethodRunner.runInSequence(MethodRunner.java:46)
at org.testng.internal.TestInvoker$MethodInvocationAgent.invoke(TestInvoker.java:822)
at org.testng.internal.TestInvoker.invokeTestMethods(TestInvoker.java:147)
at org.testng.internal.TestMethodWorker.invokeTestMethods(TestMethodWorker.java:146)
at org.testng.internal.TestMethodWorker.run(TestMethodWorker.java:128)
at java.base/java.util.ArrayList.forEach(ArrayList.java:1541)
at org.testng.TestRunner.privateRun(TestRunner.java:764)
at org.testng.TestRunner.run(TestRunner.java:585)
at org.testng.SuiteRunner.runTest(SuiteRunner.java:384)
at org.testng.SuiteRunner.runSequentially(SuiteRunner.java:378)
at org.testng.SuiteRunner.privateRun(SuiteRunner.java:337)
at org.testng.SuiteRunner.run(SuiteRunner.java:286)
at org.testng.SuiteRunnerWorker.runSuite(SuiteRunnerWorker.java:53)
at org.testng.SuiteRunnerWorker.run(SuiteRunnerWorker.java:96)
at org.testng.TestNG.runSuitesSequentially(TestNG.java:1218)
at org.testng.TestNG.runSuitesLocally(TestNG.java:1140)
at org.testng.TestNG.runSuites(TestNG.java:1069)
at org.testng.TestNG.run(TestNG.java:1037)
at org.apache.maven.surefire.testng.TestNGExecutor.run(TestNGExecutor.java:135)
at org.apache.maven.surefire.testng.TestNGDirectoryTestSuite.executeMulti(TestNGDirectoryTestSuite.java:193)
at org.apache.maven.surefire.testng.TestNGDirectoryTestSuite.execute(TestNGDirectoryTestSuite.java:94)
at org.apache.maven.surefire.testng.TestNGProvider.invoke(TestNGProvider.java:146)
at org.apache.maven.surefire.booter.ForkedBooter.invokeProviderInSameClassLoader(ForkedBooter.java:384)
at org.apache.maven.surefire.booter.ForkedBooter.runSuitesInProcess(ForkedBooter.java:345)
at org.apache.maven.surefire.booter.ForkedBooter.execute(ForkedBooter.java:126)
at org.apache.maven.surefire.booter.ForkedBooter.main(ForkedBooter.java:418)
]]>
    </error>
  </testcase> <!-- launchBrowser -->
  <system-out/>
  <testcase classname="com.naveenAutomationPageTest.RegisterAccountPageTest" name="validateUserCanNotEnterInvalidTelephone" time="0.000">
    <skipped/>
  </testcase> <!-- validateUserCanNotEnterInvalidTelephone -->
  <system-out/>
  <testcase classname="com.naveenAutomationPageTest.RegisterAccountPageTest" name="validateUserIsAbleToRegisterWithValidInfo">
    <skipped/>
  </testcase> <!-- validateUserIsAbleToRegisterWithValidInfo -->
  <system-out/>
  <testcase classname="com.naveenAutomationPageTest.RegisterAccountPageTest" name="validateUserCheckEDPrivacyPolicyCheckBox">
    <skipped/>
  </testcase> <!-- validateUserCheckEDPrivacyPolicyCheckBox -->
  <system-out/>
  <testcase classname="com.naveenAutomationPageTest.RegisterAccountPageTest" name="validateUserCanNotEnterInvalidLastName">
    <skipped/>
  </testcase> <!-- validateUserCanNotEnterInvalidLastName -->
  <system-out/>
  <testcase classname="com.naveenAutomationPageTest.RegisterAccountPageTest" name="validateUserCanNotSkipFirstName">
    <skipped/>
  </testcase> <!-- validateUserCanNotSkipFirstName -->
  <system-out/>
  <testcase classname="com.naveenAutomationPageTest.RegisterAccountPageTest" name="validateUserCanNotEnterInvalidFirstName">
    <skipped/>
  </testcase> <!-- validateUserCanNotEnterInvalidFirstName -->
  <system-out/>
</testsuite> <!-- com.naveenAutomationPageTest.RegisterAccountPageTest -->
